Namespace(aug='SCALE_H_FLIP', batch_size=64, cuda=True, datapath='./data', epochs=24, lr=0.03, model='adwitiya', optim='Sgd', pretrained=False, tag='Testingtest')
Data Augmentation Initialized with strategy SCALE_H_FLIP
Sgd
Epoch 0 || train Loss: 0.0693 || Acc: 0.0856||Top1: 0.0856|| Top5: 0.2455|| || Epoch 0 || val Loss: 0.0596 || Acc: 0.1547||Top1: 0.1547|| Top5: 0.3968|| || 
Epoch 1 || train Loss: 0.0565 || Acc: 0.1918||Top1: 0.1918|| Top5: 0.4432|| || Epoch 1 || val Loss: 0.0532 || Acc: 0.2316||Top1: 0.2316|| Top5: 0.4948|| || 
Epoch 2 || train Loss: 0.0519 || Acc: 0.2439||Top1: 0.2439|| Top5: 0.5109|| || Epoch 2 || val Loss: 0.0494 || Acc: 0.2762||Top1: 0.2762|| Top5: 0.5520|| || 
Epoch 3 || train Loss: 0.0486 || Acc: 0.2836||Top1: 0.2836|| Top5: 0.5588|| || Epoch 3 || val Loss: 0.0478 || Acc: 0.2966||Top1: 0.2966|| Top5: 0.5748|| || 
Epoch 4 || train Loss: 0.0459 || Acc: 0.3135||Top1: 0.3135|| Top5: 0.5947|| || Epoch 4 || val Loss: 0.0468 || Acc: 0.3139||Top1: 0.3139|| Top5: 0.5867|| || 
Epoch 5 || train Loss: 0.0439 || Acc: 0.3392||Top1: 0.3392|| Top5: 0.6219|| || Epoch 5 || val Loss: 0.0466 || Acc: 0.3225||Top1: 0.3225|| Top5: 0.5919|| || 
Epoch 6 || train Loss: 0.0421 || Acc: 0.3599||Top1: 0.3599|| Top5: 0.6443|| || Epoch 6 || val Loss: 0.0458 || Acc: 0.3310||Top1: 0.3310|| Top5: 0.6021|| || 
Epoch 7 || train Loss: 0.0406 || Acc: 0.3790||Top1: 0.3790|| Top5: 0.6647|| || Epoch 7 || val Loss: 0.0439 || Acc: 0.3526||Top1: 0.3526|| Top5: 0.6242|| || 
Epoch 8 || train Loss: 0.0395 || Acc: 0.3935||Top1: 0.3935|| Top5: 0.6808|| || Epoch 8 || val Loss: 0.0443 || Acc: 0.3504||Top1: 0.3504|| Top5: 0.6194|| || 
Epoch 9 || train Loss: 0.0385 || Acc: 0.4042||Top1: 0.4042|| Top5: 0.6937|| || Epoch 9 || val Loss: 0.0437 || Acc: 0.3627||Top1: 0.3627|| Top5: 0.6285|| || 
Epoch 10 || train Loss: 0.0378 || Acc: 0.4155||Top1: 0.4155|| Top5: 0.7030|| || Epoch 10 || val Loss: 0.0440 || Acc: 0.3627||Top1: 0.3627|| Top5: 0.6229|| || 
Epoch 11 || train Loss: 0.0371 || Acc: 0.4229||Top1: 0.4229|| Top5: 0.7118|| || Epoch 11 || val Loss: 0.0442 || Acc: 0.3606||Top1: 0.3606|| Top5: 0.6230|| || 
Epoch 12 || train Loss: 0.0366 || Acc: 0.4323||Top1: 0.4323|| Top5: 0.7186|| || Epoch 12 || val Loss: 0.0438 || Acc: 0.3719||Top1: 0.3719|| Top5: 0.6269|| || 
Epoch 13 || train Loss: 0.0364 || Acc: 0.4356||Top1: 0.4356|| Top5: 0.7234|| || Epoch 13 || val Loss: 0.0452 || Acc: 0.3581||Top1: 0.3581|| Top5: 0.6156|| || 
Epoch    13: reducing learning rate of group 0 to 1.5000e-02.
Epoch 14 || train Loss: 0.0282 || Acc: 0.5403||Top1: 0.5403|| Top5: 0.8082|| || Epoch 14 || val Loss: 0.0406 || Acc: 0.4172||Top1: 0.4172|| Top5: 0.6652|| || 
Epoch 15 || train Loss: 0.0245 || Acc: 0.5908||Top1: 0.5908|| Top5: 0.8435|| || Epoch 15 || val Loss: 0.0400 || Acc: 0.4230||Top1: 0.4230|| Top5: 0.6737|| || 
Epoch 16 || train Loss: 0.0225 || Acc: 0.6179||Top1: 0.6179|| Top5: 0.8663|| || Epoch 16 || val Loss: 0.0403 || Acc: 0.4230||Top1: 0.4230|| Top5: 0.6740|| || 
Epoch 17 || train Loss: 0.0211 || Acc: 0.6375||Top1: 0.6375|| Top5: 0.8819|| || Epoch 17 || val Loss: 0.0420 || Acc: 0.4212||Top1: 0.4212|| Top5: 0.6713|| || 
Epoch 18 || train Loss: 0.0198 || Acc: 0.6575||Top1: 0.6575|| Top5: 0.8945|| || Epoch 18 || val Loss: 0.0421 || Acc: 0.4149||Top1: 0.4149|| Top5: 0.6676|| || 
Epoch 19 || train Loss: 0.0184 || Acc: 0.6766||Top1: 0.6766|| Top5: 0.9070|| || Epoch 19 || val Loss: 0.0431 || Acc: 0.4213||Top1: 0.4213|| Top5: 0.6671|| || 
Epoch    19: reducing learning rate of group 0 to 7.5000e-03.
Epoch 20 || train Loss: 0.0138 || Acc: 0.7510||Top1: 0.7510|| Top5: 0.9400|| || Epoch 20 || val Loss: 0.0433 || Acc: 0.4351||Top1: 0.4351|| Top5: 0.6820|| || 
Epoch 21 || train Loss: 0.0120 || Acc: 0.7792||Top1: 0.7792|| Top5: 0.9539|| || Epoch 21 || val Loss: 0.0451 || Acc: 0.4324||Top1: 0.4324|| Top5: 0.6767|| || 
Epoch 22 || train Loss: 0.0110 || Acc: 0.7945||Top1: 0.7945|| Top5: 0.9606|| || Epoch 22 || val Loss: 0.0451 || Acc: 0.4375||Top1: 0.4375|| Top5: 0.6821|| || 
Epoch 23 || train Loss: 0.0101 || Acc: 0.8101||Top1: 0.8101|| Top5: 0.9662|| || Epoch 23 || val Loss: 0.0465 || Acc: 0.4342||Top1: 0.4342|| Top5: 0.6785|| || 
Epoch    23: reducing learning rate of group 0 to 3.7500e-03.

Training complete in 44m 39s
Best val Acc: 0.437500
