Namespace(aug='SCALE_H_FLIP', batch_size=64, cuda=True, datapath='./data', epochs=24, lr=0.01, model='adwitiya', optim='Sgd', pretrained=False, tag='Testing')
Data Augmentation Initialized with strategy SCALE_H_FLIP
Sgd
Epoch 0 || train Loss: 0.0669 || Acc: 0.1038||Top1: 0.1038|| Top5: 0.2789|| || Epoch 0 || val Loss: 0.0591 || Acc: 0.1692||Top1: 0.1692|| Top5: 0.4147|| || 
Epoch 1 || train Loss: 0.0543 || Acc: 0.2140||Top1: 0.2140|| Top5: 0.4748|| || Epoch 1 || val Loss: 0.0519 || Acc: 0.2430||Top1: 0.2430|| Top5: 0.5113|| || 
Epoch 2 || train Loss: 0.0484 || Acc: 0.2812||Top1: 0.2812|| Top5: 0.5588|| || Epoch 2 || val Loss: 0.0475 || Acc: 0.2977||Top1: 0.2977|| Top5: 0.5719|| || 
Epoch 3 || train Loss: 0.0439 || Acc: 0.3347||Top1: 0.3347|| Top5: 0.6184|| || Epoch 3 || val Loss: 0.0447 || Acc: 0.3287||Top1: 0.3287|| Top5: 0.6110|| || 
Epoch 4 || train Loss: 0.0401 || Acc: 0.3800||Top1: 0.3800|| Top5: 0.6665|| || Epoch 4 || val Loss: 0.0420 || Acc: 0.3653||Top1: 0.3653|| Top5: 0.6455|| || 
Epoch 5 || train Loss: 0.0370 || Acc: 0.4202||Top1: 0.4202|| Top5: 0.7052|| || Epoch 5 || val Loss: 0.0404 || Acc: 0.3908||Top1: 0.3908|| Top5: 0.6650|| || 
Epoch 6 || train Loss: 0.0341 || Acc: 0.4592||Top1: 0.4592|| Top5: 0.7385|| || Epoch 6 || val Loss: 0.0399 || Acc: 0.3944||Top1: 0.3944|| Top5: 0.6675|| || 
Epoch 7 || train Loss: 0.0316 || Acc: 0.4908||Top1: 0.4908|| Top5: 0.7678|| || Epoch 7 || val Loss: 0.0386 || Acc: 0.4171||Top1: 0.4171|| Top5: 0.6904|| || 
Epoch 8 || train Loss: 0.0293 || Acc: 0.5197||Top1: 0.5197|| Top5: 0.7945|| || Epoch 8 || val Loss: 0.0384 || Acc: 0.4238||Top1: 0.4238|| Top5: 0.6904|| || 
Epoch 9 || train Loss: 0.0270 || Acc: 0.5516||Top1: 0.5516|| Top5: 0.8192|| || Epoch 9 || val Loss: 0.0386 || Acc: 0.4245||Top1: 0.4245|| Top5: 0.6893|| || 
Epoch 10 || train Loss: 0.0248 || Acc: 0.5796||Top1: 0.5796|| Top5: 0.8435|| || Epoch 10 || val Loss: 0.0399 || Acc: 0.4182||Top1: 0.4182|| Top5: 0.6808|| || 
Epoch 11 || train Loss: 0.0228 || Acc: 0.6097||Top1: 0.6097|| Top5: 0.8655|| || Epoch 11 || val Loss: 0.0398 || Acc: 0.4253||Top1: 0.4253|| Top5: 0.6885|| || 
Epoch 12 || train Loss: 0.0209 || Acc: 0.6360||Top1: 0.6360|| Top5: 0.8832|| || Epoch 12 || val Loss: 0.0395 || Acc: 0.4327||Top1: 0.4327|| Top5: 0.6911|| || 
Epoch    12: reducing learning rate of group 0 to 5.0000e-03.
Epoch 13 || train Loss: 0.0148 || Acc: 0.7318||Top1: 0.7318|| Top5: 0.9331|| || Epoch 13 || val Loss: 0.0401 || Acc: 0.4531||Top1: 0.4531|| Top5: 0.7021|| || 
Epoch 14 || train Loss: 0.0124 || Acc: 0.7705||Top1: 0.7705|| Top5: 0.9514|| || Epoch 14 || val Loss: 0.0412 || Acc: 0.4526||Top1: 0.4526|| Top5: 0.7038|| || 
Epoch 15 || train Loss: 0.0110 || Acc: 0.7937||Top1: 0.7937|| Top5: 0.9613|| || Epoch 15 || val Loss: 0.0427 || Acc: 0.4508||Top1: 0.4508|| Top5: 0.6986|| || 
Epoch 16 || train Loss: 0.0099 || Acc: 0.8124||Top1: 0.8124|| Top5: 0.9690|| || Epoch 16 || val Loss: 0.0445 || Acc: 0.4499||Top1: 0.4499|| Top5: 0.6966|| || 
Epoch    16: reducing learning rate of group 0 to 2.5000e-03.
Epoch 17 || train Loss: 0.0071 || Acc: 0.8616||Top1: 0.8616|| Top5: 0.9830|| || Epoch 17 || val Loss: 0.0456 || Acc: 0.4627||Top1: 0.4627|| Top5: 0.7092|| || 
Epoch 18 || train Loss: 0.0061 || Acc: 0.8806||Top1: 0.8806|| Top5: 0.9869|| || Epoch 18 || val Loss: 0.0464 || Acc: 0.4633||Top1: 0.4633|| Top5: 0.7087|| || 
Epoch 19 || train Loss: 0.0055 || Acc: 0.8911||Top1: 0.8911|| Top5: 0.9892|| || Epoch 19 || val Loss: 0.0473 || Acc: 0.4630||Top1: 0.4630|| Top5: 0.7091|| || 
Epoch 20 || train Loss: 0.0050 || Acc: 0.9009||Top1: 0.9009|| Top5: 0.9921|| || Epoch 20 || val Loss: 0.0484 || Acc: 0.4638||Top1: 0.4638|| Top5: 0.7074|| || 
Epoch    20: reducing learning rate of group 0 to 1.2500e-03.
Epoch 21 || train Loss: 0.0041 || Acc: 0.9176||Top1: 0.9176|| Top5: 0.9943|| || Epoch 21 || val Loss: 0.0488 || Acc: 0.4685||Top1: 0.4685|| Top5: 0.7125|| || 
Epoch 22 || train Loss: 0.0037 || Acc: 0.9264||Top1: 0.9264|| Top5: 0.9953|| || Epoch 22 || val Loss: 0.0496 || Acc: 0.4700||Top1: 0.4700|| Top5: 0.7085|| || 
Epoch 23 || train Loss: 0.0034 || Acc: 0.9327||Top1: 0.9327|| Top5: 0.9960|| || Epoch 23 || val Loss: 0.0501 || Acc: 0.4702||Top1: 0.4702|| Top5: 0.7141|| || 

Training complete in 44m 53s
Best val Acc: 0.470200
