Namespace(aug='SCALE_H_FLIP', batch_size=32, cuda=True, datapath='./data', epochs=25, lr=0.001, model='VGG13', optim='Sgd', pretrained=False, tag='AdwitiyaVGG')
Data Augmentation Initialized with strategy SCALE_H_FLIP
Sgd
Epoch 0 || train Loss: 0.1646 || Acc: 0.0161||Top1: 0.0161|| Top5: 0.0667|| || Epoch 0 || val Loss: 0.1490 || Acc: 0.0548||Top1: 0.0548|| Top5: 0.1726|| || 
Epoch 1 || train Loss: 0.1435 || Acc: 0.0699||Top1: 0.0699|| Top5: 0.2084|| || Epoch 1 || val Loss: 0.1339 || Acc: 0.1091||Top1: 0.1091|| Top5: 0.2938|| || 
Epoch 2 || train Loss: 0.1298 || Acc: 0.1221||Top1: 0.1221|| Top5: 0.3170|| || Epoch 2 || val Loss: 0.1203 || Acc: 0.1688||Top1: 0.1688|| Top5: 0.3936|| || 
Epoch 3 || train Loss: 0.1192 || Acc: 0.1700||Top1: 0.1700|| Top5: 0.3977|| || Epoch 3 || val Loss: 0.1110 || Acc: 0.2123||Top1: 0.2123|| Top5: 0.4630|| || 
Epoch 4 || train Loss: 0.1109 || Acc: 0.2101||Top1: 0.2101|| Top5: 0.4575|| || Epoch 4 || val Loss: 0.1055 || Acc: 0.2419||Top1: 0.2419|| Top5: 0.4972|| || 
Epoch 5 || train Loss: 0.1039 || Acc: 0.2474||Top1: 0.2474|| Top5: 0.5087|| || Epoch 5 || val Loss: 0.0993 || Acc: 0.2772||Top1: 0.2772|| Top5: 0.5403|| || 
Epoch 6 || train Loss: 0.0979 || Acc: 0.2792||Top1: 0.2792|| Top5: 0.5491|| || Epoch 6 || val Loss: 0.0939 || Acc: 0.3010||Top1: 0.3010|| Top5: 0.5795|| || 
Epoch 7 || train Loss: 0.0925 || Acc: 0.3095||Top1: 0.3095|| Top5: 0.5853|| || Epoch 7 || val Loss: 0.0940 || Acc: 0.3073||Top1: 0.3073|| Top5: 0.5820|| || 
Epoch 8 || train Loss: 0.0874 || Acc: 0.3402||Top1: 0.3402|| Top5: 0.6209|| || Epoch 8 || val Loss: 0.0904 || Acc: 0.3289||Top1: 0.3289|| Top5: 0.5988|| || 
Epoch 9 || train Loss: 0.0827 || Acc: 0.3683||Top1: 0.3683|| Top5: 0.6499|| || Epoch 9 || val Loss: 0.0883 || Acc: 0.3454||Top1: 0.3454|| Top5: 0.6200|| || 
Epoch 10 || train Loss: 0.0775 || Acc: 0.3987||Top1: 0.3987|| Top5: 0.6820|| || Epoch 10 || val Loss: 0.0856 || Acc: 0.3616||Top1: 0.3616|| Top5: 0.6311|| || 
Epoch 11 || train Loss: 0.0726 || Acc: 0.4315||Top1: 0.4315|| Top5: 0.7112|| || Epoch 11 || val Loss: 0.0838 || Acc: 0.3754||Top1: 0.3754|| Top5: 0.6451|| || 
Epoch 12 || train Loss: 0.0678 || Acc: 0.4613||Top1: 0.4613|| Top5: 0.7403|| || Epoch 12 || val Loss: 0.0812 || Acc: 0.3898||Top1: 0.3898|| Top5: 0.6619|| || 
Epoch 13 || train Loss: 0.0630 || Acc: 0.4927||Top1: 0.4927|| Top5: 0.7680|| || Epoch 13 || val Loss: 0.0815 || Acc: 0.3881||Top1: 0.3881|| Top5: 0.6561|| || 
Epoch 14 || train Loss: 0.0578 || Acc: 0.5289||Top1: 0.5289|| Top5: 0.7971|| || Epoch 14 || val Loss: 0.0813 || Acc: 0.3920||Top1: 0.3920|| Top5: 0.6575|| || 
Epoch 15 || train Loss: 0.0529 || Acc: 0.5634||Top1: 0.5634|| Top5: 0.8242|| || Epoch 15 || val Loss: 0.0835 || Acc: 0.3917||Top1: 0.3917|| Top5: 0.6554|| || 
Epoch 16 || train Loss: 0.0480 || Acc: 0.5960||Top1: 0.5960|| Top5: 0.8505|| || Epoch 16 || val Loss: 0.0818 || Acc: 0.4010||Top1: 0.4010|| Top5: 0.6659|| || 
Epoch    16: reducing learning rate of group 0 to 5.0000e-04.
Epoch 17 || train Loss: 0.0351 || Acc: 0.6954||Top1: 0.6954|| Top5: 0.9064|| || Epoch 17 || val Loss: 0.0820 || Acc: 0.4150||Top1: 0.4150|| Top5: 0.6773|| || 
Epoch 18 || train Loss: 0.0300 || Acc: 0.7361||Top1: 0.7361|| Top5: 0.9271|| || Epoch 18 || val Loss: 0.0819 || Acc: 0.4185||Top1: 0.4185|| Top5: 0.6766|| || 
Epoch 19 || train Loss: 0.0267 || Acc: 0.7625||Top1: 0.7625|| Top5: 0.9405|| || Epoch 19 || val Loss: 0.0860 || Acc: 0.4173||Top1: 0.4173|| Top5: 0.6748|| || 
Epoch 20 || train Loss: 0.0234 || Acc: 0.7873||Top1: 0.7873|| Top5: 0.9525|| || Epoch 20 || val Loss: 0.0883 || Acc: 0.4135||Top1: 0.4135|| Top5: 0.6690|| || 
Epoch    20: reducing learning rate of group 0 to 2.5000e-04.
Epoch 21 || train Loss: 0.0171 || Acc: 0.8402||Top1: 0.8402|| Top5: 0.9711|| || Epoch 21 || val Loss: 0.0892 || Acc: 0.4246||Top1: 0.4246|| Top5: 0.6799|| || 
Epoch 22 || train Loss: 0.0149 || Acc: 0.8594||Top1: 0.8594|| Top5: 0.9772|| || Epoch 22 || val Loss: 0.0914 || Acc: 0.4231||Top1: 0.4231|| Top5: 0.6761|| || 
Epoch 23 || train Loss: 0.0132 || Acc: 0.8734||Top1: 0.8734|| Top5: 0.9827|| || Epoch 23 || val Loss: 0.0927 || Acc: 0.4248||Top1: 0.4248|| Top5: 0.6796|| || 
Epoch 24 || train Loss: 0.0119 || Acc: 0.8844||Top1: 0.8844|| Top5: 0.9854|| || Epoch 24 || val Loss: 0.0948 || Acc: 0.4178||Top1: 0.4178|| Top5: 0.6755|| || 
Epoch    24: reducing learning rate of group 0 to 1.2500e-04.

Training complete in 495m 58s
Best val Acc: 0.424800
