Namespace(aug='SCALE_H_FLIP', batch_size=64, cuda=True, datapath='./data', epochs=25, lr=0.001, model='ResNet18', pretrained=True, tag='Adwitiya')
Data Augmentation Initialized with strategy SCALE_H_FLIP
Epoch 0 || train Loss: 0.0458 || Acc: 0.4214||Top1: 0.4214|| Top5: 0.6599|| || Epoch 0 || val Loss: 0.0257 || Acc: 0.6277||Top1: 0.6277|| Top5: 0.8623|| || 
Epoch 1 || train Loss: 0.0224 || Acc: 0.6683||Top1: 0.6683|| Top5: 0.8827|| || Epoch 1 || val Loss: 0.0194 || Acc: 0.6916||Top1: 0.6916|| Top5: 0.8982|| || 
Epoch 2 || train Loss: 0.0174 || Acc: 0.7300||Top1: 0.7300|| Top5: 0.9144|| || Epoch 2 || val Loss: 0.0173 || Acc: 0.7167||Top1: 0.7167|| Top5: 0.9120|| || 
Epoch 3 || train Loss: 0.0146 || Acc: 0.7679||Top1: 0.7679|| Top5: 0.9338|| || Epoch 3 || val Loss: 0.0163 || Acc: 0.7314||Top1: 0.7314|| Top5: 0.9163|| || 
Epoch 4 || train Loss: 0.0125 || Acc: 0.7974||Top1: 0.7974|| Top5: 0.9473|| || Epoch 4 || val Loss: 0.0158 || Acc: 0.7371||Top1: 0.7371|| Top5: 0.9187|| || 
Epoch 5 || train Loss: 0.0108 || Acc: 0.8271||Top1: 0.8271|| Top5: 0.9573|| || Epoch 5 || val Loss: 0.0155 || Acc: 0.7385||Top1: 0.7385|| Top5: 0.9179|| || 
Epoch 6 || train Loss: 0.0092 || Acc: 0.8536||Top1: 0.8536|| Top5: 0.9668|| || Epoch 6 || val Loss: 0.0155 || Acc: 0.7363||Top1: 0.7363|| Top5: 0.9186|| || 
Epoch 7 || train Loss: 0.0079 || Acc: 0.8769||Top1: 0.8769|| Top5: 0.9743|| || Epoch 7 || val Loss: 0.0153 || Acc: 0.7399||Top1: 0.7399|| Top5: 0.9193|| || 
Epoch 8 || train Loss: 0.0068 || Acc: 0.8971||Top1: 0.8971|| Top5: 0.9803|| || Epoch 8 || val Loss: 0.0154 || Acc: 0.7426||Top1: 0.7426|| Top5: 0.9196|| || 
Epoch 9 || train Loss: 0.0057 || Acc: 0.9174||Top1: 0.9174|| Top5: 0.9855|| || Epoch 9 || val Loss: 0.0157 || Acc: 0.7386||Top1: 0.7386|| Top5: 0.9164|| || 
Epoch 10 || train Loss: 0.0047 || Acc: 0.9358||Top1: 0.9358|| Top5: 0.9898|| || Epoch 10 || val Loss: 0.0158 || Acc: 0.7386||Top1: 0.7386|| Top5: 0.9173|| || 
Epoch 11 || train Loss: 0.0039 || Acc: 0.9489||Top1: 0.9489|| Top5: 0.9927|| || Epoch 11 || val Loss: 0.0159 || Acc: 0.7419||Top1: 0.7419|| Top5: 0.9139|| || 
Epoch    11: reducing learning rate of group 0 to 5.0000e-04.
Epoch 12 || train Loss: 0.0029 || Acc: 0.9679||Top1: 0.9679|| Top5: 0.9958|| || Epoch 12 || val Loss: 0.0157 || Acc: 0.7431||Top1: 0.7431|| Top5: 0.9165|| || 
Epoch 13 || train Loss: 0.0025 || Acc: 0.9757||Top1: 0.9757|| Top5: 0.9967|| || Epoch 13 || val Loss: 0.0159 || Acc: 0.7453||Top1: 0.7453|| Top5: 0.9155|| || 
Epoch 14 || train Loss: 0.0022 || Acc: 0.9802||Top1: 0.9802|| Top5: 0.9978|| || Epoch 14 || val Loss: 0.0160 || Acc: 0.7412||Top1: 0.7412|| Top5: 0.9152|| || 
Epoch 15 || train Loss: 0.0020 || Acc: 0.9829||Top1: 0.9829|| Top5: 0.9981|| || Epoch 15 || val Loss: 0.0161 || Acc: 0.7393||Top1: 0.7393|| Top5: 0.9141|| || 
Epoch    15: reducing learning rate of group 0 to 2.5000e-04.
Epoch 16 || train Loss: 0.0017 || Acc: 0.9884||Top1: 0.9884|| Top5: 0.9988|| || Epoch 16 || val Loss: 0.0161 || Acc: 0.7430||Top1: 0.7430|| Top5: 0.9156|| || 
Epoch 17 || train Loss: 0.0016 || Acc: 0.9896||Top1: 0.9896|| Top5: 0.9991|| || Epoch 17 || val Loss: 0.0162 || Acc: 0.7409||Top1: 0.7409|| Top5: 0.9147|| || 
Epoch 18 || train Loss: 0.0015 || Acc: 0.9909||Top1: 0.9909|| Top5: 0.9990|| || Epoch 18 || val Loss: 0.0161 || Acc: 0.7426||Top1: 0.7426|| Top5: 0.9152|| || 
Epoch 19 || train Loss: 0.0014 || Acc: 0.9919||Top1: 0.9919|| Top5: 0.9994|| || Epoch 19 || val Loss: 0.0163 || Acc: 0.7431||Top1: 0.7431|| Top5: 0.9144|| || 
Epoch    19: reducing learning rate of group 0 to 1.2500e-04.
Epoch 20 || train Loss: 0.0013 || Acc: 0.9935||Top1: 0.9935|| Top5: 0.9994|| || Epoch 20 || val Loss: 0.0163 || Acc: 0.7429||Top1: 0.7429|| Top5: 0.9133|| || 
Epoch 21 || train Loss: 0.0013 || Acc: 0.9934||Top1: 0.9934|| Top5: 0.9995|| || Epoch 21 || val Loss: 0.0163 || Acc: 0.7402||Top1: 0.7402|| Top5: 0.9153|| || 
Epoch 22 || train Loss: 0.0012 || Acc: 0.9942||Top1: 0.9942|| Top5: 0.9995|| || Epoch 22 || val Loss: 0.0163 || Acc: 0.7431||Top1: 0.7431|| Top5: 0.9143|| || 
Epoch 23 || train Loss: 0.0012 || Acc: 0.9944||Top1: 0.9944|| Top5: 0.9996|| || Epoch 23 || val Loss: 0.0164 || Acc: 0.7413||Top1: 0.7413|| Top5: 0.9148|| || 
Epoch    23: reducing learning rate of group 0 to 6.2500e-05.
Epoch 24 || train Loss: 0.0012 || Acc: 0.9952||Top1: 0.9952|| Top5: 0.9997|| || Epoch 24 || val Loss: 0.0163 || Acc: 0.7408||Top1: 0.7408|| Top5: 0.9137|| || 

Training complete in 118m 20s
Best val Acc: 0.745300
