Namespace(aug='SCALE_H_FLIP', batch_size=32, cuda=True, datapath='./data', epochs=25, lr=0.01, model='VGG13', pretrained=True, tag='AdwitiyaModel')
Data Augmentation Initialized with strategy SCALE_H_FLIP
Epoch 0 || train Loss: 0.1365 || Acc: 0.0996||Top1: 0.0996|| Top5: 0.2655|| || Epoch 0 || val Loss: 0.0991 || Acc: 0.2576||Top1: 0.2576|| Top5: 0.5478|| || 
Epoch 1 || train Loss: 0.0928 || Acc: 0.3083||Top1: 0.3083|| Top5: 0.5927|| || Epoch 1 || val Loss: 0.0815 || Acc: 0.3824||Top1: 0.3824|| Top5: 0.6627|| || 
Epoch 2 || train Loss: 0.0783 || Acc: 0.4018||Top1: 0.4018|| Top5: 0.6835|| || Epoch 2 || val Loss: 0.0762 || Acc: 0.4173||Top1: 0.4173|| Top5: 0.6990|| || 
Epoch 3 || train Loss: 0.0704 || Acc: 0.4543||Top1: 0.4543|| Top5: 0.7307|| || Epoch 3 || val Loss: 0.0736 || Acc: 0.4410||Top1: 0.4410|| Top5: 0.7167|| || 
Epoch 4 || train Loss: 0.0653 || Acc: 0.4891||Top1: 0.4891|| Top5: 0.7599|| || Epoch 4 || val Loss: 0.0709 || Acc: 0.4594||Top1: 0.4594|| Top5: 0.7286|| || 
Epoch 5 || train Loss: 0.0615 || Acc: 0.5150||Top1: 0.5150|| Top5: 0.7795|| || Epoch 5 || val Loss: 0.0735 || Acc: 0.4461||Top1: 0.4461|| Top5: 0.7120|| || 
Epoch 6 || train Loss: 0.0603 || Acc: 0.5242||Top1: 0.5242|| Top5: 0.7858|| || Epoch 6 || val Loss: 0.0736 || Acc: 0.4515||Top1: 0.4515|| Top5: 0.7144|| || 
Epoch 7 || train Loss: 0.0612 || Acc: 0.5209||Top1: 0.5209|| Top5: 0.7817|| || Epoch 7 || val Loss: 0.0791 || Acc: 0.4203||Top1: 0.4203|| Top5: 0.6863|| || 
Epoch 8 || train Loss: 0.0650 || Acc: 0.4946||Top1: 0.4946|| Top5: 0.7625|| || Epoch 8 || val Loss: 0.0822 || Acc: 0.4010||Top1: 0.4010|| Top5: 0.6703|| || 
Epoch     8: reducing learning rate of group 0 to 5.0000e-03.
Epoch 9 || train Loss: 0.0434 || Acc: 0.6422||Top1: 0.6422|| Top5: 0.8672|| || Epoch 9 || val Loss: 0.0688 || Acc: 0.4862||Top1: 0.4862|| Top5: 0.7415|| || 
Epoch 10 || train Loss: 0.0335 || Acc: 0.7147||Top1: 0.7147|| Top5: 0.9090|| || Epoch 10 || val Loss: 0.0682 || Acc: 0.4975||Top1: 0.4975|| Top5: 0.7474|| || 
Epoch 11 || train Loss: 0.0279 || Acc: 0.7586||Top1: 0.7586|| Top5: 0.9322|| || Epoch 11 || val Loss: 0.0677 || Acc: 0.5013||Top1: 0.5013|| Top5: 0.7465|| || 
Epoch 12 || train Loss: 0.0241 || Acc: 0.7892||Top1: 0.7892|| Top5: 0.9469|| || Epoch 12 || val Loss: 0.0711 || Acc: 0.4893||Top1: 0.4893|| Top5: 0.7443|| || 
Epoch 13 || train Loss: 0.0217 || Acc: 0.8071||Top1: 0.8071|| Top5: 0.9556|| || Epoch 13 || val Loss: 0.0710 || Acc: 0.4897||Top1: 0.4897|| Top5: 0.7445|| || 
Epoch 14 || train Loss: 0.0197 || Acc: 0.8246||Top1: 0.8246|| Top5: 0.9618|| || Epoch 14 || val Loss: 0.0717 || Acc: 0.4890||Top1: 0.4890|| Top5: 0.7410|| || 
Epoch 15 || train Loss: 0.0182 || Acc: 0.8342||Top1: 0.8342|| Top5: 0.9685|| || Epoch 15 || val Loss: 0.0720 || Acc: 0.4975||Top1: 0.4975|| Top5: 0.7452|| || 
Epoch    15: reducing learning rate of group 0 to 2.5000e-03.
Epoch 16 || train Loss: 0.0107 || Acc: 0.9010||Top1: 0.9010|| Top5: 0.9852|| || Epoch 16 || val Loss: 0.0720 || Acc: 0.5165||Top1: 0.5165|| Top5: 0.7565|| || 
Epoch 17 || train Loss: 0.0077 || Acc: 0.9269||Top1: 0.9269|| Top5: 0.9912|| || Epoch 17 || val Loss: 0.0741 || Acc: 0.5260||Top1: 0.5260|| Top5: 0.7609|| || 
Epoch 18 || train Loss: 0.0063 || Acc: 0.9403||Top1: 0.9403|| Top5: 0.9940|| || Epoch 18 || val Loss: 0.0744 || Acc: 0.5230||Top1: 0.5230|| Top5: 0.7600|| || 
Epoch 19 || train Loss: 0.0055 || Acc: 0.9474||Top1: 0.9474|| Top5: 0.9953|| || Epoch 19 || val Loss: 0.0773 || Acc: 0.5206||Top1: 0.5206|| Top5: 0.7587|| || 
Epoch    19: reducing learning rate of group 0 to 1.2500e-03.
Epoch 20 || train Loss: 0.0037 || Acc: 0.9637||Top1: 0.9637|| Top5: 0.9976|| || Epoch 20 || val Loss: 0.0782 || Acc: 0.5337||Top1: 0.5337|| Top5: 0.7637|| || 
Epoch 21 || train Loss: 0.0030 || Acc: 0.9707||Top1: 0.9707|| Top5: 0.9985|| || Epoch 21 || val Loss: 0.0796 || Acc: 0.5303||Top1: 0.5303|| Top5: 0.7645|| || 
Epoch 22 || train Loss: 0.0026 || Acc: 0.9737||Top1: 0.9737|| Top5: 0.9989|| || Epoch 22 || val Loss: 0.0813 || Acc: 0.5332||Top1: 0.5332|| Top5: 0.7662|| || 
Epoch 23 || train Loss: 0.0023 || Acc: 0.9774||Top1: 0.9774|| Top5: 0.9989|| || Epoch 23 || val Loss: 0.0822 || Acc: 0.5364||Top1: 0.5364|| Top5: 0.7687|| || 
Epoch    23: reducing learning rate of group 0 to 6.2500e-04.
Epoch 24 || train Loss: 0.0019 || Acc: 0.9806||Top1: 0.9806|| Top5: 0.9994|| || Epoch 24 || val Loss: 0.0818 || Acc: 0.5391||Top1: 0.5391|| Top5: 0.7695|| || 

Training complete in 494m 16s
Best val Acc: 0.539100
