Namespace(aug='SCALE_H_FLIP', batch_size=64, cuda=True, datapath='./data', epochs=25, lr=0.001, model='adwitiya', optim='Sgd', pretrained=False, tag='AdwitiyaModel')
Data Augmentation Initialized with strategy SCALE_H_FLIP
Sgd
Epoch 0 || train Loss: 0.0823 || Acc: 0.0113||Top1: 0.0113|| Top5: 0.0479|| || Epoch 0 || val Loss: 0.0811 || Acc: 0.0248||Top1: 0.0248|| Top5: 0.0982|| || 
Epoch 1 || train Loss: 0.0795 || Acc: 0.0240||Top1: 0.0240|| Top5: 0.0922|| || Epoch 1 || val Loss: 0.0775 || Acc: 0.0397||Top1: 0.0397|| Top5: 0.1313|| || 
Epoch 2 || train Loss: 0.0757 || Acc: 0.0452||Top1: 0.0452|| Top5: 0.1485|| || Epoch 2 || val Loss: 0.0727 || Acc: 0.0644||Top1: 0.0644|| Top5: 0.1980|| || 
Epoch 3 || train Loss: 0.0708 || Acc: 0.0691||Top1: 0.0691|| Top5: 0.2145|| || Epoch 3 || val Loss: 0.0676 || Acc: 0.0943||Top1: 0.0943|| Top5: 0.2680|| || 
Epoch 4 || train Loss: 0.0671 || Acc: 0.0925||Top1: 0.0925|| Top5: 0.2686|| || Epoch 4 || val Loss: 0.0650 || Acc: 0.1205||Top1: 0.1205|| Top5: 0.3125|| || 
Epoch 5 || train Loss: 0.0641 || Acc: 0.1192||Top1: 0.1192|| Top5: 0.3180|| || Epoch 5 || val Loss: 0.0620 || Acc: 0.1421||Top1: 0.1421|| Top5: 0.3547|| || 
Epoch 6 || train Loss: 0.0614 || Acc: 0.1436||Top1: 0.1436|| Top5: 0.3617|| || Epoch 6 || val Loss: 0.0606 || Acc: 0.1565||Top1: 0.1565|| Top5: 0.3750|| || 
Epoch 7 || train Loss: 0.0592 || Acc: 0.1641||Top1: 0.1641|| Top5: 0.3946|| || Epoch 7 || val Loss: 0.0591 || Acc: 0.1658||Top1: 0.1658|| Top5: 0.3956|| || 
Epoch 8 || train Loss: 0.0574 || Acc: 0.1801||Top1: 0.1801|| Top5: 0.4220|| || Epoch 8 || val Loss: 0.0561 || Acc: 0.1962||Top1: 0.1962|| Top5: 0.4482|| || 
Epoch 9 || train Loss: 0.0558 || Acc: 0.1985||Top1: 0.1985|| Top5: 0.4469|| || Epoch 9 || val Loss: 0.0550 || Acc: 0.2083||Top1: 0.2083|| Top5: 0.4626|| || 
Epoch 10 || train Loss: 0.0544 || Acc: 0.2130||Top1: 0.2130|| Top5: 0.4687|| || Epoch 10 || val Loss: 0.0546 || Acc: 0.2180||Top1: 0.2180|| Top5: 0.4660|| || 
Epoch 11 || train Loss: 0.0533 || Acc: 0.2246||Top1: 0.2246|| Top5: 0.4857|| || Epoch 11 || val Loss: 0.0523 || Acc: 0.2417||Top1: 0.2417|| Top5: 0.4975|| || 
Epoch 12 || train Loss: 0.0522 || Acc: 0.2376||Top1: 0.2376|| Top5: 0.5026|| || Epoch 12 || val Loss: 0.0529 || Acc: 0.2365||Top1: 0.2365|| Top5: 0.5024|| || 
Epoch 13 || train Loss: 0.0512 || Acc: 0.2476||Top1: 0.2476|| Top5: 0.5172|| || Epoch 13 || val Loss: 0.0512 || Acc: 0.2550||Top1: 0.2550|| Top5: 0.5204|| || 
Epoch 14 || train Loss: 0.0502 || Acc: 0.2576||Top1: 0.2576|| Top5: 0.5306|| || Epoch 14 || val Loss: 0.0503 || Acc: 0.2646||Top1: 0.2646|| Top5: 0.5316|| || 
Epoch 15 || train Loss: 0.0494 || Acc: 0.2707||Top1: 0.2707|| Top5: 0.5439|| || Epoch 15 || val Loss: 0.0508 || Acc: 0.2636||Top1: 0.2636|| Top5: 0.5262|| || 
Epoch 16 || train Loss: 0.0485 || Acc: 0.2815||Top1: 0.2815|| Top5: 0.5551|| || Epoch 16 || val Loss: 0.0489 || Acc: 0.2835||Top1: 0.2835|| Top5: 0.5528|| || 
Epoch 17 || train Loss: 0.0477 || Acc: 0.2897||Top1: 0.2897|| Top5: 0.5660|| || Epoch 17 || val Loss: 0.0481 || Acc: 0.2890||Top1: 0.2890|| Top5: 0.5611|| || 
Epoch 18 || train Loss: 0.0469 || Acc: 0.2982||Top1: 0.2982|| Top5: 0.5770|| || Epoch 18 || val Loss: 0.0473 || Acc: 0.2990||Top1: 0.2990|| Top5: 0.5741|| || 
Epoch 19 || train Loss: 0.0462 || Acc: 0.3078||Top1: 0.3078|| Top5: 0.5866|| || Epoch 19 || val Loss: 0.0466 || Acc: 0.3074||Top1: 0.3074|| Top5: 0.5804|| || 
Epoch 20 || train Loss: 0.0455 || Acc: 0.3164||Top1: 0.3164|| Top5: 0.5958|| || Epoch 20 || val Loss: 0.0468 || Acc: 0.3021||Top1: 0.3021|| Top5: 0.5790|| || 
Epoch 21 || train Loss: 0.0448 || Acc: 0.3242||Top1: 0.3242|| Top5: 0.6048|| || Epoch 21 || val Loss: 0.0464 || Acc: 0.3108||Top1: 0.3108|| Top5: 0.5916|| || 
Epoch 22 || train Loss: 0.0441 || Acc: 0.3317||Top1: 0.3317|| Top5: 0.6134|| || Epoch 22 || val Loss: 0.0450 || Acc: 0.3260||Top1: 0.3260|| Top5: 0.6043|| || 
Epoch 23 || train Loss: 0.0435 || Acc: 0.3409||Top1: 0.3409|| Top5: 0.6221|| || Epoch 23 || val Loss: 0.0446 || Acc: 0.3301||Top1: 0.3301|| Top5: 0.6048|| || 
Epoch 24 || train Loss: 0.0430 || Acc: 0.3477||Top1: 0.3477|| Top5: 0.6284|| || Epoch 24 || val Loss: 0.0442 || Acc: 0.3346||Top1: 0.3346|| Top5: 0.6153|| || 

Training complete in 48m 3s
Best val Acc: 0.334600
